Traceback (most recent call last):
  File "/opt/hostedtoolcache/Python/3.8.16/x64/lib/python3.8/site-packages/jupyter_cache/executors/utils.py", line 51, in single_nb_execution
    executenb(
  File "/opt/hostedtoolcache/Python/3.8.16/x64/lib/python3.8/site-packages/nbclient/client.py", line 1204, in execute
    return NotebookClient(nb=nb, resources=resources, km=km, **kwargs).execute()
  File "/opt/hostedtoolcache/Python/3.8.16/x64/lib/python3.8/site-packages/nbclient/util.py", line 84, in wrapped
    return just_run(coro(*args, **kwargs))
  File "/opt/hostedtoolcache/Python/3.8.16/x64/lib/python3.8/site-packages/nbclient/util.py", line 62, in just_run
    return loop.run_until_complete(coro)
  File "/opt/hostedtoolcache/Python/3.8.16/x64/lib/python3.8/asyncio/base_events.py", line 616, in run_until_complete
    return future.result()
  File "/opt/hostedtoolcache/Python/3.8.16/x64/lib/python3.8/site-packages/nbclient/client.py", line 663, in async_execute
    await self.async_execute_cell(
  File "/opt/hostedtoolcache/Python/3.8.16/x64/lib/python3.8/site-packages/nbclient/client.py", line 965, in async_execute_cell
    await self._check_raise_for_error(cell, cell_index, exec_reply)
  File "/opt/hostedtoolcache/Python/3.8.16/x64/lib/python3.8/site-packages/nbclient/client.py", line 862, in _check_raise_for_error
    raise CellExecutionError.from_cell_and_msg(cell, exec_reply_content)
nbclient.exceptions.CellExecutionError: An error occurred while executing the following cell:
------------------
import numpy as np
from floris.turbine_library import TurbineInterface, TurbineLibrary
------------------

[0;31m---------------------------------------------------------------------------[0m
[0;31mTypeError[0m                                 Traceback (most recent call last)
Cell [0;32mIn[1], line 2[0m
[1;32m      1[0m [38;5;28;01mimport[39;00m [38;5;21;01mnumpy[39;00m [38;5;28;01mas[39;00m [38;5;21;01mnp[39;00m
[0;32m----> 2[0m [38;5;28;01mfrom[39;00m [38;5;21;01mfloris[39;00m[38;5;21;01m.[39;00m[38;5;21;01mturbine_library[39;00m [38;5;28;01mimport[39;00m TurbineInterface, TurbineLibrary

File [0;32m~/work/floris/floris/floris/turbine_library/__init__.py:1[0m
[0;32m----> 1[0m [38;5;28;01mfrom[39;00m [38;5;21;01mfloris[39;00m[38;5;21;01m.[39;00m[38;5;21;01mturbine_library[39;00m[38;5;21;01m.[39;00m[38;5;21;01mturbine_previewer[39;00m [38;5;28;01mimport[39;00m TurbineInterface, TurbineLibrary

File [0;32m~/work/floris/floris/floris/turbine_library/turbine_previewer.py:40[0m
[1;32m     35[0m INTERNAL_LIBRARY [38;5;241m=[39m Path([38;5;18m__file__[39m)[38;5;241m.[39mparent
[1;32m     36[0m DEFAULT_WIND_SPEEDS [38;5;241m=[39m np[38;5;241m.[39mlinspace([38;5;241m0[39m, [38;5;241m40[39m, [38;5;241m81[39m)
[1;32m     39[0m [38;5;129m@define[39m(auto_attribs[38;5;241m=[39m[38;5;28;01mTrue[39;00m)
[0;32m---> 40[0m [38;5;28;01mclass[39;00m [38;5;21;01mTurbineInterface[39;00m:
[1;32m     41[0m     turbine: Turbine [38;5;241m=[39m field(validator[38;5;241m=[39mattrs[38;5;241m.[39mvalidators[38;5;241m.[39minstance_of(Turbine))
[1;32m     43[0m     [38;5;129m@classmethod[39m
[1;32m     44[0m     [38;5;28;01mdef[39;00m [38;5;21mfrom_internal_library[39m([38;5;28mcls[39m, file_name: [38;5;28mstr[39m):

File [0;32m~/work/floris/floris/floris/turbine_library/turbine_previewer.py:58[0m, in [0;36mTurbineInterface[0;34m()[0m
[1;32m     45[0m [38;5;250m    [39m[38;5;124;03m"""Loads the turbine definition from a YAML configuration file located in[39;00m
[1;32m     46[0m [38;5;124;03m    ``floris/floris/turbine_library/``.[39;00m
[1;32m     47[0m 
[0;32m   (...)[0m
[1;32m     53[0m [38;5;124;03m        (TurbineInterface): Creates a new ``TurbineInterface`` object.[39;00m
[1;32m     54[0m [38;5;124;03m    """[39;00m
[1;32m     55[0m     [38;5;28;01mreturn[39;00m [38;5;28mcls[39m(turbine[38;5;241m=[39mTurbine[38;5;241m.[39mfrom_dict(load_yaml(INTERNAL_LIBRARY [38;5;241m/[39m file_name)))
[1;32m     57[0m [38;5;129m@classmethod[39m
[0;32m---> 58[0m [38;5;28;01mdef[39;00m [38;5;21mfrom_yaml[39m([38;5;28mcls[39m, file_path: [38;5;28;43mstr[39;49m[43m [49m[38;5;241;43m|[39;49m[43m [49m[43mPath[49m):
[1;32m     59[0m [38;5;250m    [39m[38;5;124;03m"""Loads the turbine definition from a YAML configuration file.[39;00m
[1;32m     60[0m 
[1;32m     61[0m [38;5;124;03m    Args:[39;00m
[0;32m   (...)[0m
[1;32m     66[0m [38;5;124;03m        (TurbineInterface): Creates a new ``TurbineInterface`` object.[39;00m
[1;32m     67[0m [38;5;124;03m    """[39;00m
[1;32m     68[0m     [38;5;28;01mreturn[39;00m [38;5;28mcls[39m(turbine[38;5;241m=[39mTurbine[38;5;241m.[39mfrom_dict(load_yaml(file_path)))

[0;31mTypeError[0m: unsupported operand type(s) for |: 'type' and 'type'
TypeError: unsupported operand type(s) for |: 'type' and 'type'

